=== Step 1: re-unpack half-installed samba-libs from apt cache ===
(Reading database ... 292613 files and directories currently installed.)
Preparing to unpack .../samba-libs_2%3a4.15.13+dfsg-0ubuntu1.12_arm64.deb ...
Unpacking samba-libs:arm64 (2:4.15.13+dfsg-0ubuntu1.12) over (2:4.15.13+dfsg-0ubuntu1.12) ...
Processing triggers for libc-bin (2.35-0ubuntu3.13) ...
Processing triggers for man-db (2.10.2-1) ...
=== Step 2: configure all unpacked packages (this takes a while under qemu) ===
Setting up libgraphite2-3:arm64 (1.3.14-1ubuntu0.1) ...
Setting up liblcms2-2:arm64 (2.12~rc1-2ubuntu0.1) ...
dpkg: dependency problems prevent configuration of openssh-sftp-server:
 openssh-sftp-server depends on openssh-client (= 1:8.9p1-3ubuntu0.15); however:
  Version of openssh-client on system is 1:8.9p1-3ubuntu0.10.

dpkg: error processing package openssh-sftp-server (--configure):
 dependency problems - leaving unconfigured
Setting up libapparmor1:arm64 (3.0.4-2ubuntu2.5) ...
Setting up libnftables1:arm64 (1.0.2-1ubuntu3.1) ...
Setting up nftables (1.0.2-1ubuntu3.1) ...
Setting up nvidia-l4t-configs (36.4.7-20250918154033) ...
Setting up libdebuginfod-common (0.186-1ubuntu0.1) ...
Setting up nvidia-l4t-tools (36.4.7-20250918154033) ...
Setting up nvidia-l4t-vulkan-sc-sdk (36.4.7-20250918154033) ...
Setting up libgbm1:arm64 (23.2.1-1ubuntu3.1~22.04.4) ...
Setting up libglib2.0-0:arm64 (2.72.4-0ubuntu2.9) ...
Setting up nvidia-l4t-libwayland-server0 (36.4.7-20250918154033) ...
Setting up nvidia-l4t-vulkan-sc-dev (36.4.7-20250918154033) ...
Setting up nvidia-l4t-init (36.4.7-20250918154033) ...
Setting up libsqlite3-0:arm64 (3.37.2-2ubuntu0.6) ...
Setting up nvidia-l4t-nvml (36.4.7-20250918154033) ...
Setting up libnghttp2-14:arm64 (1.43.0-1ubuntu0.4) ...
Setting up linux-libc-dev:arm64 (5.15.0-185.195) ...
Setting up nvidia-l4t-dla-compiler (36.4.7-20250918154033) ...
Setting up libgstreamer-plugins-base1.0-0:arm64 (1.20.1-1ubuntu0.6) ...
Setting up libntfs-3g89 (1:2021.8.22-3ubuntu1.3) ...
Setting up libgomp1:arm64 (12.3.0-1ubuntu1~22.04.3) ...
Setting up perl-modules-5.34 (5.34.0-3ubuntu1.7) ...
Setting up libgbm-dev:arm64 (23.2.1-1ubuntu3.1~22.04.4) ...
Setting up nvidia-l4t-firmware (36.4.7-20250918154033) ...
Setting up libwbclient0:arm64 (2:4.15.13+dfsg-0ubuntu1.12) ...
Setting up libldap-2.5-0:arm64 (2.5.20+dfsg-0ubuntu0.22.04.1) ...
Setting up nvidia-l4t-oem-config (36.4.7-20250918154033) ...
Setting up ntfs-3g (1:2021.8.22-3ubuntu1.3) ...
Setting up libc6-dbg:arm64 (2.35-0ubuntu3.13) ...
Setting up libasound2-data (1.2.6.1-1ubuntu1.1) ...
Setting up libgraphite2-dev:arm64 (1.3.14-1ubuntu0.1) ...
Setting up libgstreamer-gl1.0-0:arm64 (1.20.1-1ubuntu0.6) ...
Setting up libglib2.0-data (2.72.4-0ubuntu2.9) ...
Setting up gnupg-l10n (2.2.27-3ubuntu2.5) ...
Setting up nvidia-l4t-nvpmodel (36.4.7-20250918154033) ...
Installing new version of config file /etc/nvpmodel/nvpmodel_p3767_0003_super.conf ...
Installing new version of config file /etc/nvpmodel/nvpmodel_p3767_0004_super.conf ...
Setting up libavahi-common-data:arm64 (0.8-5ubuntu5.5) ...
Setting up libncurses6:arm64 (6.3-2ubuntu0.2) ...
Setting up nvidia-l4t-apt-source (36.4.7-20250918154033) ...
Pre-installing... skip changing source list.
Setting up nvidia-l4t-libwayland-egl1 (36.4.7-20250918154033) ...
Setting up libssl-dev:arm64 (3.0.2-0ubuntu1.25) ...
Setting up libpng16-16:arm64 (1.6.37-3ubuntu0.5) ...
Setting up libatomic1:arm64 (12.3.0-1ubuntu1~22.04.3) ...
Setting up containerd.io (2.2.5-1~ubuntu.22.04~jammy) ...
Setting up nvidia-l4t-bootloader (36.4.7-20250918154033) ...
Pre-installing bootloader package, skip flashing
Setting up libpython3.10-minimal:arm64 (3.10.12-1~22.04.15) ...
Setting up libudev-dev:arm64 (249.11-0ubuntu3.21) ...
Setting up libncursesw6:arm64 (6.3-2ubuntu0.2) ...
Setting up nvidia-l4t-nvsci (36.4.7-20250918154033) ...
Setting up libglapi-mesa:arm64 (23.2.1-1ubuntu3.1~22.04.4) ...
Setting up libssh-4:arm64 (0.9.6-2ubuntu0.22.04.7) ...
Setting up libgfortran5:arm64 (12.3.0-1ubuntu1~22.04.3) ...
Setting up nvidia-l4t-pva (36.4.7-20250918154033) ...
Setting up libfdisk1:arm64 (2.37.2-4ubuntu3.5) ...
Setting up liblcms2-dev:arm64 (2.12~rc1-2ubuntu0.1) ...
Setting up liblzma-dev:arm64 (5.2.5-2ubuntu1.1) ...
Setting up libubsan1:arm64 (12.3.0-1ubuntu1~22.04.3) ...
Setting up docker-ce-cli (5:29.6.1-1~ubuntu.22.04~jammy) ...
Setting up libdevmapper1.02.1:arm64 (2:1.02.175-2.1ubuntu5) ...
Setting up nvidia-l4t-vulkan-sc (36.4.7-20250918154033) ...
Setting up mount (2.37.2-4ubuntu3.5) ...
Setting up dmsetup (2:1.02.175-2.1ubuntu5) ...
update-initramfs: deferring update (trigger activated)
Setting up uuid-runtime (2.37.2-4ubuntu3.5) ...
Running in chroot, ignoring request.
invoke-rc.d: policy-rc.d denied execution of restart.
Setting up libhwasan0:arm64 (12.3.0-1ubuntu1~22.04.3) ...
Setting up libasound2:arm64 (1.2.6.1-1ubuntu1.1) ...
Setting up gpgconf (2.2.27-3ubuntu2.5) ...
Setting up libblockdev-part-err2:arm64 (2.26-1ubuntu0.1) ...
Setting up git-man (1:2.34.1-1ubuntu1.17) ...
Setting up libcryptsetup12:arm64 (2:2.4.3-1ubuntu1.3) ...
Setting up nvidia-l4t-xusb-firmware (36.4.7-20250918154033) ...
Setting up xserver-common (2:21.1.4-2ubuntu1.7~22.04.16) ...
Setting up nvidia-l4t-libwayland-client0 (36.4.7-20250918154033) ...
Setting up nvidia-l4t-cuda (36.4.7-20250918154033) ...
Setting up nvidia-l4t-optee (36.4.7-20250918154033) ...
Installing new version of config file /etc/systemd/system/nv-tee-supplicant.service ...
Setting up libasound2-dev:arm64 (1.2.6.1-1ubuntu1.1) ...
Setting up libc-dev-bin (2.35-0ubuntu3.13) ...
Setting up openssl (3.0.2-0ubuntu1.25) ...
Setting up libatopology2:arm64 (1.2.6.1-1ubuntu1.1) ...
Setting up libelf1:arm64 (0.186-1ubuntu0.1) ...
Setting up xserver-xorg-legacy (2:21.1.4-2ubuntu1.7~22.04.16) ...
setting xserver-xorg-legacy/xwrapper/allowed_users from configuration file
Setting up libxml2:arm64 (2.9.13+dfsg-1ubuntu0.12) ...
Setting up libcc1-0:arm64 (12.3.0-1ubuntu1~22.04.3) ...
Setting up nvidia-l4t-kernel (5.15.148-tegra-36.4.7-20250918154033) ...
Using the existing boot entry 'primary'
Pre-installing kernel package, skip flashing
Setting up gpg (2.2.27-3ubuntu2.5) ...
Setting up liblsan0:arm64 (12.3.0-1ubuntu1~22.04.3) ...
Setting up libitm1:arm64 (12.3.0-1ubuntu1~22.04.3) ...
Setting up rsync (3.2.7-0ubuntu0.22.04.7) ...
Running in chroot, ignoring request.
invoke-rc.d: policy-rc.d denied execution of restart.
Setting up libkmod2:arm64 (29-1ubuntu1.1) ...
Setting up gnupg-utils (2.2.27-3ubuntu2.5) ...
Setting up libglib2.0-dev-bin (2.72.4-0ubuntu2.9) ...
Setting up nvidia-l4t-nvpmodel-gui-tools (36.4.7-20250918154033) ...
Setting up libdw1:arm64 (0.186-1ubuntu0.1) ...
Setting up libperl5.34:arm64 (5.34.0-3ubuntu1.7) ...
Setting up gpg-agent (2.2.27-3ubuntu2.5) ...
Setting up libdevmapper-event1.02.1:arm64 (2:1.02.175-2.1ubuntu5) ...
Setting up bind9-libs:arm64 (1:9.18.39-0ubuntu0.22.04.4) ...
Setting up nvidia-l4t-nvfancontrol (36.4.7-20250918154033) ...
Setting up nvidia-l4t-openwfd (36.4.7-20250918154033) ...
Setting up nvidia-l4t-kernel-headers (5.15.148-tegra-36.4.7-20250918154033) ...
Setting up gir1.2-gst-plugins-base-1.0:arm64 (1.20.1-1ubuntu0.6) ...
Setting up gpgsm (2.2.27-3ubuntu2.5) ...
Setting up libgl1-mesa-dri:arm64 (23.2.1-1ubuntu3.1~22.04.4) ...
Setting up libpng-dev:arm64 (1.6.37-3ubuntu0.5) ...
Setting up nvidia-l4t-jetson-io (36.4.7-20250918154033) ...
Setting up nvidia-l4t-x11 (36.4.7-20250918154033) ...
Setting up libavahi-common3:arm64 (0.8-5ubuntu5.5) ...
Setting up libglib2.0-bin (2.72.4-0ubuntu2.9) ...
Setting up libcurl3-gnutls:arm64 (7.81.0-1ubuntu1.25) ...
Setting up systemd (249.11-0ubuntu3.21) ...
Setting up kmod (29-1ubuntu1.1) ...
Setting up nvidia-l4t-kernel-oot-modules (5.15.148-tegra-36.4.7-20250918154033) ...
Setting up ldap-utils (2.5.20+dfsg-0ubuntu0.22.04.1) ...
Setting up python3.10-minimal (3.10.12-1~22.04.15) ...
Setting up fdisk (2.37.2-4ubuntu3.5) ...
Setting up libpython3.10-stdlib:arm64 (3.10.12-1~22.04.15) ...
Setting up dirmngr (2.2.27-3ubuntu2.5) ...
Setting up ca-certificates (20260601~22.04.1) ...
Updating certificates in /etc/ssl/certs...
rehash: warning: skipping ca-certificates.crt,it does not contain exactly one certificate or CRL
14 added, 39 removed; done.
Setting up perl (5.34.0-3ubuntu1.7) ...
Setting up libxml2-dev:arm64 (2.9.13+dfsg-1ubuntu0.12) ...
Setting up libegl-mesa0:arm64 (23.2.1-1ubuntu3.1~22.04.4) ...
Setting up libfreetype6:arm64 (2.11.1+dfsg-1ubuntu0.3) ...
Setting up libblockdev-utils2:arm64 (2.26-1ubuntu0.1) ...
Setting up nvidia-l4t-display-kernel (5.15.148-tegra-36.4.7-20250918154033) ...
Setting up docker-ce (5:29.6.1-1~ubuntu.22.04~jammy) ...
Running in chroot, ignoring request.
invoke-rc.d: policy-rc.d denied execution of restart.
Setting up nvidia-l4t-initrd (36.4.7-20250918154033) ...
UEFI secure boot enabled, skip updating initrd
Setting up nvidia-l4t-cuda-utils (36.4.7-20250918154033) ...
Setting up systemd-timesyncd (249.11-0ubuntu3.21) ...
Setting up udev (249.11-0ubuntu3.21) ...
A chroot environment has been detected, udev not started.
Setting up libelf-dev:arm64 (0.186-1ubuntu0.1) ...
Setting up nvidia-l4t-kernel-oot-headers (5.15.148-tegra-36.4.7-20250918154033) ...
Setting up git (1:2.34.1-1ubuntu1.17) ...
Setting up nvidia-l4t-kernel-dtbs (5.15.148-tegra-36.4.7-20250918154033) ...
Pre-installing kernel-dtbs package, skip flashing
Setting up gpg-wks-server (2.2.27-3ubuntu2.5) ...
Setting up nvidia-l4t-wayland (36.4.7-20250918154033) ...
Setting up systemd-oomd (249.11-0ubuntu3.21) ...
Setting up nvidia-l4t-libwayland-cursor0 (36.4.7-20250918154033) ...
Setting up libc6-dev:arm64 (2.35-0ubuntu3.13) ...
Setting up libharfbuzz0b:arm64 (2.7.4-1ubuntu3.2) ...
Setting up libavahi-glib1:arm64 (0.8-5ubuntu5.5) ...
Setting up libavahi-core7:arm64 (0.8-5ubuntu5.5) ...
Setting up bind9-host (1:9.18.39-0ubuntu0.22.04.4) ...
Setting up libavahi-client3:arm64 (0.8-5ubuntu5.5) ...
Setting up libpython3.10:arm64 (3.10.12-1~22.04.15) ...
Setting up systemd-sysv (249.11-0ubuntu3.21) ...
Setting up libharfbuzz-icu0:arm64 (2.7.4-1ubuntu3.2) ...
Setting up libglx-mesa0:arm64 (23.2.1-1ubuntu3.1~22.04.4) ...
Setting up python3.10 (3.10.12-1~22.04.15) ...
Setting up gpg-wks-client (2.2.27-3ubuntu2.5) ...
Setting up python3-pip-whl (22.0.2+dfsg-1ubuntu0.7) ...
Setting up nvidia-l4t-vulkan-sc-samples (36.4.7-20250918154033) ...
Setting up libdebuginfod1:arm64 (0.186-1ubuntu0.1) ...
Setting up xserver-xorg-core (2:21.1.4-2ubuntu1.7~22.04.16) ...
Setting up libnss-systemd:arm64 (249.11-0ubuntu3.21) ...
Setting up libharfbuzz-gobject0:arm64 (2.7.4-1ubuntu3.2) ...
Setting up libblockdev-part2:arm64 (2.26-1ubuntu0.1) ...
Setting up gir1.2-harfbuzz-0.0:arm64 (2.7.4-1ubuntu3.2) ...
Setting up libdw-dev:arm64 (0.186-1ubuntu0.1) ...
Setting up libcairo2:arm64 (1.16.0-5ubuntu2.1) ...
Setting up nvidia-l4t-3d-core (36.4.7-20250918154033) ...
Setting up libfreetype-dev:arm64 (2.11.1+dfsg-1ubuntu0.3) ...
Setting up bluez (5.64-0ubuntu1.4) ...
Running in chroot, ignoring request.
invoke-rc.d: policy-rc.d denied execution of force-reload.
Running in chroot, ignoring request.
invoke-rc.d: policy-rc.d denied execution of restart.
Setting up libexpat1-dev:arm64 (2.4.7-1ubuntu0.7) ...
Setting up libsqlite3-dev:arm64 (3.37.2-2ubuntu0.6) ...
Setting up uuid-dev:arm64 (2.37.2-4ubuntu3.5) ...
Setting up libpython3.10-dev:arm64 (3.10.12-1~22.04.15) ...
Setting up libcups2:arm64 (2.4.1op1-1ubuntu4.21) ...
Setting up python3.10-dev (3.10.12-1~22.04.15) ...
Setting up avahi-daemon (0.8-5ubuntu5.5) ...
Running in chroot, ignoring request.
invoke-rc.d: policy-rc.d denied execution of force-reload.
Running in chroot, ignoring request.
invoke-rc.d: policy-rc.d denied execution of restart.
Setting up gnupg (2.2.27-3ubuntu2.5) ...
Setting up libpam-systemd:arm64 (249.11-0ubuntu3.21) ...
Setting up libcairo-gobject2:arm64 (1.16.0-5ubuntu2.1) ...
Setting up libglib2.0-tests (2.72.4-0ubuntu2.9) ...
Setting up libavahi-ui-gtk3-0:arm64 (0.8-5ubuntu5.5) ...
Setting up libcairo-script-interpreter2:arm64 (1.16.0-5ubuntu2.1) ...
Setting up libblkid-dev:arm64 (2.37.2-4ubuntu3.5) ...
Setting up nvidia-l4t-gbm (36.4.7-20250918154033) ...
Setting up python3.10-venv (3.10.12-1~22.04.15) ...
Setting up avahi-utils (0.8-5ubuntu5.5) ...
Setting up samba-libs:arm64 (2:4.15.13+dfsg-0ubuntu1.12) ...
Setting up nvidia-l4t-multimedia-utils (36.4.7-20250918154033) ...
Setting up libfreetype6-dev:arm64 (2.11.1+dfsg-1ubuntu0.3) ...
Setting up nvidia-l4t-multimedia (36.4.7-20250918154033) ...
Setting up libsmbclient:arm64 (2:4.15.13+dfsg-0ubuntu1.12) ...
Setting up libmount-dev:arm64 (2.37.2-4ubuntu3.5) ...
Setting up nvidia-l4t-camera (36.4.7-20250918154033) ...
Setting up nvidia-l4t-weston (36.4.7-20250918154033) ...
Setting up nvidia-l4t-graphics-demos (36.4.7-20250918154033) ...
Setting up libglib2.0-dev:arm64 (2.72.4-0ubuntu2.9) ...
Setting up libcairo2-dev:arm64 (1.16.0-5ubuntu2.1) ...
Setting up libharfbuzz-dev:arm64 (2.7.4-1ubuntu3.2) ...
Setting up libgstreamer-plugins-base1.0-dev:arm64 (1.20.1-1ubuntu0.6) ...
Setting up liblvm2cmd2.03:arm64 (2.03.11-2.1ubuntu5) ...
Setting up dmeventd (2:1.02.175-2.1ubuntu5) ...
Setting up lvm2 (2.03.11-2.1ubuntu5) ...
Running in chroot, ignoring request.
invoke-rc.d: policy-rc.d denied execution of start.
update-initramfs: deferring update (trigger activated)
Running in chroot, ignoring request.
invoke-rc.d: policy-rc.d denied execution of restart.
Processing triggers for dbus (1.12.20-2ubuntu4.1) ...
Processing triggers for mailcap (3.70+nmu1ubuntu1) ...
Processing triggers for desktop-file-utils (0.26-1ubuntu3) ...
Processing triggers for initramfs-tools (0.140ubuntu13.4) ...
update-initramfs: Generating /boot/initrd.img-5.15.148-tegra
W: Couldn't identify type of root file system for fsck hook
Processing triggers for gnome-menus (3.36.0-1ubuntu3) ...
Processing triggers for libc-bin (2.35-0ubuntu3.13) ...
Processing triggers for nvidia-l4t-kernel (5.15.148-tegra-36.4.7-20250918154033) ...
Processing triggers for ca-certificates (20260601~22.04.1) ...
Updating certificates in /etc/ssl/certs...
0 added, 0 removed; done.
Running hooks in /etc/ca-certificates/update.d...

done.
Updating Mono key store
Mono Certificate Store Sync - version 6.8.0.105
Populate Mono certificate store from a concatenated list of certificates.
Copyright 2002, 2003 Motus Technologies. Copyright 2004-2008 Novell. BSD licensed.

Importing into legacy system store:
I already trust 149, your new list has 121
Certificate added: C=DE, O=D-Trust GmbH, CN=D-TRUST BR Root CA 2 2023
Certificate added: C=DE, O=D-Trust GmbH, CN=D-TRUST EV Root CA 2 2023
Certificate added: C=CH, O=OISTE Foundation, CN=OISTE Server Root ECC G1
Certificate added: C=CH, O=OISTE Foundation, CN=OISTE Server Root RSA G1
Certificate added: C=JP, O="Cybertrust Japan Co., Ltd.", CN=SecureSign Root CA12
Certificate added: C=JP, O="Cybertrust Japan Co., Ltd.", CN=SecureSign Root CA14
Certificate added: C=JP, O="Cybertrust Japan Co., Ltd.", CN=SecureSign Root CA15
Certificate added: C=CH, O=SwissSign AG, CN=SwissSign RSA TLS Root CA 2022 - 1
Certificate added: C=TW, O=TAIWAN-CA, OU=Root CA, CN=TWCA CYBER Root CA
Certificate added: C=DE, O=Deutsche Telekom Security GmbH, CN=Telekom Security TLS ECC Root 2020
Certificate added: C=DE, O=Deutsche Telekom Security GmbH, CN=Telekom Security TLS RSA Root 2023
Certificate added: C=CN, O="TrustAsia Technologies, Inc.", CN=TrustAsia TLS ECC Root CA
Certificate added: C=CN, O="TrustAsia Technologies, Inc.", CN=TrustAsia TLS RSA Root CA
Certificate added: C=HU, L=Budapest, O=Microsec Ltd., OID.2.5.4.97=VATHU-23584497, CN=e-Szigno TLS Root CA 2023
14 new root certificates were added to your trust store.
Import process completed.

Importing into BTLS system store:
I already trust 142, your new list has 121
Certificate added: C=ES, CN=Autoridad de Certificacion Firmaprofesional CIF A62634068
Certificate added: C=NO, O=Buypass AS-983163327, CN=Buypass Class 2 Root CA
Certificate added: C=NO, O=Buypass AS-983163327, CN=Buypass Class 3 Root CA
Certificate added: C=SK, L=Bratislava, O=Disig a.s., CN=CA Disig Root R2
Certificate added: C=CN, O=China Financial Certification Authority, CN=CFCA EV ROOT
Certificate added: C=GB, S=Greater Manchester, L=Salford, O=COMODO CA Limited, CN=COMODO ECC Certification Authority
Certificate added: C=GB, S=Greater Manchester, L=Salford, O=COMODO CA Limited, CN=COMODO RSA Certification Authority
Certificate added: C=FR, O=Dhimyotis, OU=0002 48146308100036, CN=Certigna Root CA
Certificate added: C=PL, O=Asseco Data Systems S.A., OU=Certum Certification Authority, CN=Certum EC-384 CA
Certificate added: C=PL, O=Unizeto Technologies S.A., OU=Certum Certification Authority, CN=Certum Trusted Network CA
Certificate added: C=PL, O=Unizeto Technologies S.A., OU=Certum Certification Authority, CN=Certum Trusted Network CA 2
Certificate added: C=PL, O=Asseco Data Systems S.A., OU=Certum Certification Authority, CN=Certum Trusted Root CA
Certificate added: C=DE, O=D-Trust GmbH, CN=D-TRUST Root Class 3 CA 2 2009
Certificate added: C=DE, O=D-Trust GmbH, CN=D-TRUST Root Class 3 CA 2 EV 2009
Certificate added: C=US, O=DigiCert Inc, OU=www.digicert.com, CN=DigiCert Assured ID Root G2
Certificate added: C=US, O=DigiCert Inc, OU=www.digicert.com, CN=DigiCert Assured ID Root G3
Certificate added: C=US, O=DigiCert Inc, OU=www.digicert.com, CN=DigiCert Global Root G2
Certificate added: C=US, O=DigiCert Inc, OU=www.digicert.com, CN=DigiCert Global Root G3
Certificate added: C=US, O=DigiCert Inc, OU=www.digicert.com, CN=DigiCert Trusted Root G4
Certificate added: C=US, O="Entrust, Inc.", OU=www.entrust.net/CPS is incorporated by reference, OU="(c) 2006 Entrust, Inc.", CN=Entrust Root Certification Authority
Certificate added: C=CN, O="GUANG DONG CERTIFICATE AUTHORITY CO.,LTD.", CN=GDCA TrustAUTH R5 ROOT
Certificate added: C=US, O=Google Trust Services LLC, CN=GTS Root R1
Certificate added: C=US, O=Google Trust Services LLC, CN=GTS Root R3
Certificate added: C=US, O=Google Trust Services LLC, CN=GTS Root R4
Certificate added: OU=GlobalSign ECC Root CA - R4, O=GlobalSign, CN=GlobalSign
Certificate added: OU=GlobalSign ECC Root CA - R5, O=GlobalSign, CN=GlobalSign
Certificate added: OU=GlobalSign Root CA - R3, O=GlobalSign, CN=GlobalSign
Certificate added: OU=GlobalSign Root CA - R6, O=GlobalSign, CN=GlobalSign
Certificate added: C=BE, O=GlobalSign nv-sa, CN=GlobalSign Root E46
Certificate added: C=BE, O=GlobalSign nv-sa, CN=GlobalSign Root R46
Certificate added: C=US, S=Arizona, L=Scottsdale, O="GoDaddy.com, Inc.", CN=Go Daddy Root Certificate Authority - G2
Certificate added: C=GR, L=Athens, O=Hellenic Academic and Research Institutions Cert. Authority, CN=Hellenic Academic and Research Institutions ECC RootCA 2015
Certificate added: C=GR, L=Athens, O=Hellenic Academic and Research Institutions Cert. Authority, CN=Hellenic Academic and Research Institutions RootCA 2015
Certificate added: C=HK, S=Hong Kong, L=Hong Kong, O=Hongkong Post, CN=Hongkong Post Root CA 3
Certificate added: C=US, O=Internet Security Research Group, CN=ISRG Root X1
Certificate added: C=US, O=IdenTrust, CN=IdenTrust Commercial Root CA 1
Certificate added: C=US, O=IdenTrust, CN=IdenTrust Public Sector Root CA 1
Certificate added: C=ES, O=IZENPE S.A., CN=Izenpe.com
Certificate added: C=HU, L=Budapest, O=Microsec Ltd., CN=Microsec e-Szigno Root CA 2009, E=info@e-szigno.hu
Certificate added: C=US, O=Microsoft Corporation, CN=Microsoft ECC Root Certificate Authority 2017
Certificate added: C=US, O=Microsoft Corporation, CN=Microsoft RSA Root Certificate Authority 2017
Certificate added: C=KR, O=NAVER BUSINESS PLATFORM Corp., CN=NAVER Global Root Certification Authority
Certificate added: C=HU, L=Budapest, O=NetLock Kft., OU=Tan?s?tv?nykiad?k (Certification Services), CN=NetLock Arany (Class Gold) F?tan?s?tv?ny
Certificate added: C=CH, O=WISeKey, OU=OISTE Foundation Endorsed, CN=OISTE WISeKey Global Root GB CA
Certificate added: C=CH, O=WISeKey, OU=OISTE Foundation Endorsed, CN=OISTE WISeKey Global Root GC CA
Certificate added: C=BM, O=QuoVadis Limited, CN=QuoVadis Root CA 1 G3
Certificate added: C=BM, O=QuoVadis Limited, CN=QuoVadis Root CA 2 G3
Certificate added: C=BM, O=QuoVadis Limited, CN=QuoVadis Root CA 3 G3
Certificate added: C=US, S=Texas, L=Houston, O=SSL Corporation, CN=SSL.com EV Root Certification Authority ECC
Certificate added: C=US, S=Texas, L=Houston, O=SSL Corporation, CN=SSL.com EV Root Certification Authority RSA R2
Certificate added: C=US, S=Texas, L=Houston, O=SSL Corporation, CN=SSL.com Root Certification Authority ECC
Certificate added: C=US, S=Texas, L=Houston, O=SSL Corporation, CN=SSL.com Root Certification Authority RSA
Certificate added: C=PL, O=Krajowa Izba Rozliczeniowa S.A., CN=SZAFIR ROOT CA2
Certificate added: C=JP, O="SECOM Trust Systems CO.,LTD.", OU=Security Communication RootCA2
Certificate added: C=US, S=Arizona, L=Scottsdale, O="Starfield Technologies, Inc.", CN=Starfield Root Certificate Authority - G2
Certificate added: C=US, S=Arizona, L=Scottsdale, O="Starfield Technologies, Inc.", CN=Starfield Services Root Certificate Authority - G2
Certificate added: C=DE, O=T-Systems Enterprise Services GmbH, OU=T-Systems Trust Center, CN=T-TeleSec GlobalRoot Class 2
Certificate added: C=DE, O=T-Systems Enterprise Services GmbH, OU=T-Systems Trust Center, CN=T-TeleSec GlobalRoot Class 3
Certificate added: C=TR, L=Gebze - Kocaeli, O=Turkiye Bilimsel ve Teknolojik Arastirma Kurumu - TUBITAK, OU=Kamu Sertifikasyon Merkezi - Kamu SM, CN=TUBITAK Kamu SM SSL Kok Sertifikasi - Surum 1
Certificate added: C=TW, O=TAIWAN-CA, OU=Root CA, CN=TWCA Global Root CA
Certificate added: C=TW, O=TAIWAN-CA, OU=Root CA, CN=TWCA Root Certification Authority
Certificate added: C=CN, O=UniTrust, CN=UCA Extended Validation Root
Certificate added: C=CN, O=UniTrust, CN=UCA Global G2 Root
Certificate added: C=US, S=New Jersey, L=Jersey City, O=The USERTRUST Network, CN=USERTrust ECC Certification Authority
Certificate added: C=US, S=New Jersey, L=Jersey City, O=The USERTRUST Network, CN=USERTrust RSA Certification Authority
Certificate added: C=RO, O=CERTSIGN SA, OU=certSIGN ROOT CA G2
Certificate added: C=HU, L=Budapest, O=Microsec Ltd., OID.2.5.4.97=VATHU-23584497, CN=e-Szigno Root CA 2017
Certificate added: C=TW, O="Chunghwa Telecom Co., Ltd.", OU=ePKI Root Certification Authority
Certificate added: C=US, OU=emSign PKI, O=eMudhra Inc, CN=emSign ECC Root CA - C3
Certificate added: C=IN, OU=emSign PKI, O=eMudhra Technologies Limited, CN=emSign ECC Root CA - G3
Certificate added: C=US, OU=emSign PKI, O=eMudhra Inc, CN=emSign Root CA - C1
Certificate added: C=IN, OU=emSign PKI, O=eMudhra Technologies Limited, CN=emSign Root CA - G1
Certificate added: C=US, O=Certainly, CN=Certainly Root E1
Certificate added: C=US, O=Certainly, CN=Certainly Root R1
Certificate added: C=DE, O=D-Trust GmbH, CN=D-TRUST BR Root CA 1 2020
Certificate added: C=DE, O=D-Trust GmbH, CN=D-TRUST EV Root CA 1 2020
Certificate added: C=US, O="DigiCert, Inc.", CN=DigiCert TLS ECC P384 Root G5
Certificate added: C=US, O="DigiCert, Inc.", CN=DigiCert TLS RSA4096 Root G5
Certificate added: C=GR, O=Hellenic Academic and Research Institutions CA, CN=HARICA TLS ECC Root CA 2021
Certificate added: C=GR, O=Hellenic Academic and Research Institutions CA, CN=HARICA TLS RSA Root CA 2021
Certificate added: C=TW, O="Chunghwa Telecom Co., Ltd.", CN=HiPKI Root CA - G1
Certificate added: C=US, O=Internet Security Research Group, CN=ISRG Root X2
Certificate added: C=JP, O="SECOM Trust Systems CO.,LTD.", CN=Security Communication ECC RootCA1
Certificate added: C=FI, O=Telia Finland Oyj, CN=Telia Root CA v2
Certificate added: C=TN, O=Agence Nationale de Certification Electronique, CN=TunTrust Root CA
Certificate added: C=CN, O="iTrusChina Co.,Ltd.", CN=vTrus ECC Root CA
Certificate added: C=CN, O="iTrusChina Co.,Ltd.", CN=vTrus Root CA
Certificate added: CN=Atos TrustedRoot Root CA ECC TLS 2021, O=Atos, C=DE
Certificate added: CN=Atos TrustedRoot Root CA RSA TLS 2021, O=Atos, C=DE
Certificate added: C=CN, O=BEIJING CERTIFICATE AUTHORITY, CN=BJCA Global Root CA1
Certificate added: C=CN, O=BEIJING CERTIFICATE AUTHORITY, CN=BJCA Global Root CA2
Certificate added: C=US, O=SSL Corporation, CN=SSL.com TLS ECC Root CA 2022
Certificate added: C=US, O=SSL Corporation, CN=SSL.com TLS RSA Root CA 2022
Certificate added: C=GB, O=Sectigo Limited, CN=Sectigo Public Server Authentication Root E46
Certificate added: C=GB, O=Sectigo Limited, CN=Sectigo Public Server Authentication Root R46
Certificate added: C=CN, O="TrustAsia Technologies, Inc.", CN=TrustAsia Global Root CA G3
Certificate added: C=CN, O="TrustAsia Technologies, Inc.", CN=TrustAsia Global Root CA G4
Certificate added: C=DE, O=D-Trust GmbH, CN=D-TRUST BR Root CA 2 2023
Certificate added: C=DE, O=D-Trust GmbH, CN=D-TRUST EV Root CA 2 2023
Certificate added: C=CH, O=OISTE Foundation, CN=OISTE Server Root ECC G1
Certificate added: C=CH, O=OISTE Foundation, CN=OISTE Server Root RSA G1
Certificate added: C=JP, O="Cybertrust Japan Co., Ltd.", CN=SecureSign Root CA12
Certificate added: C=JP, O="Cybertrust Japan Co., Ltd.", CN=SecureSign Root CA14
Certificate added: C=JP, O="Cybertrust Japan Co., Ltd.", CN=SecureSign Root CA15
Certificate added: C=CH, O=SwissSign AG, CN=SwissSign RSA TLS Root CA 2022 - 1
Certificate added: C=TW, O=TAIWAN-CA, OU=Root CA, CN=TWCA CYBER Root CA
Certificate added: C=DE, O=Deutsche Telekom Security GmbH, CN=Telekom Security TLS ECC Root 2020
Certificate added: C=DE, O=Deutsche Telekom Security GmbH, CN=Telekom Security TLS RSA Root 2023
Certificate added: C=CN, O="TrustAsia Technologies, Inc.", CN=TrustAsia TLS ECC Root CA
Certificate added: C=CN, O="TrustAsia Technologies, Inc.", CN=TrustAsia TLS RSA Root CA
Certificate added: C=HU, L=Budapest, O=Microsec Ltd., OID.2.5.4.97=VATHU-23584497, CN=e-Szigno TLS Root CA 2023
111 new root certificates were added to your trust store.
Import process completed.
Done
done.
Errors were encountered while processing:
 openssh-sftp-server
=== dpkg --configure -a exit code: 1 ===
=== Step 3: remaining non-installed packages (should be empty) ===
The following packages have been unpacked but not yet configured.
They must be configured using dpkg --configure or the configure
menu option in dselect for them to work:
 openssh-sftp-server  secure shell (SSH) sftp server module, for SFTP access fr

